AndroidStudioProjects/ExamenMultihilo_Alejandro/app/build/outputs/logs/manifest-merger-debug-report.txt
-- Merging decision tree log ---
manifest
ADDED from src\main\AndroidManifest.xml:2:1-28:12
	package
		ADDED from src\main\AndroidManifest.xml:3:5-63
		INJECTED from src\main\AndroidManifest.xml
		INJECTED from src\main\AndroidManifest.xml
	android:versionName
		INJECTED from src\main\AndroidManifest.xml
		INJECTED from src\main\AndroidManifest.xml
	xmlns:android
		ADDED from src\main\AndroidManifest.xml:2:11-69
	android:versionCode
		INJECTED from src\main\AndroidManifest.xml
		INJECTED from src\main\AndroidManifest.xml
uses-permission#android.permission.INTERNET
ADDED from src\main\AndroidManifest.xml:5:5-67
	android:name
		ADDED from src\main\AndroidManifest.xml:5:22-64
uses-permission#android.permission.ACCESS_NETWORK_STATE
ADDED from src\main\AndroidManifest.xml:6:5-79
	android:name
		ADDED from src\main\AndroidManifest.xml:6:22-76
application
ADDED from src\main\AndroidManifest.xml:8:5-26:19
MERGED from [com.android.support.constraint:constraint-layout:1.0.0] AndroidManifest.xml:9:5-20
MERGED from [com.readystatesoftware.chuck:library:1.0.2] AndroidManifest.xml:24:5-40:19
MERGED from [com.android.support:design:25.1.1] AndroidManifest.xml:25:5-20
MERGED from [com.android.support:appcompat-v7:25.2.0] AndroidManifest.xml:25:5-20
MERGED from [com.android.support:animated-vector-drawable:25.2.0] AndroidManifest.xml:22:5-20
MERGED from [com.android.support:support-vector-drawable:25.2.0] AndroidManifest.xml:23:5-20
MERGED from [com.android.support:transition:25.1.1] AndroidManifest.xml:22:5-20
MERGED from [com.android.support:support-v4:25.2.0] AndroidManifest.xml:25:5-20
MERGED from [com.android.support:support-fragment:25.2.0] AndroidManifest.xml:25:5-20
MERGED from [com.android.support:support-media-compat:25.2.0] AndroidManifest.xml:25:5-20
MERGED from [com.android.support:support-core-ui:25.2.0] AndroidManifest.xml:25:5-20
MERGED from [com.android.support:support-core-utils:25.2.0] AndroidManifest.xml:25:5-20
MERGED from [com.android.support:support-compat:25.2.0] AndroidManifest.xml:25:5-20
	android:label
		ADDED from src\main\AndroidManifest.xml:11:9-41
	android:supportsRtl
		ADDED from src\main\AndroidManifest.xml:12:9-35
	android:allowBackup
		ADDED from src\main\AndroidManifest.xml:9:9-35
	android:icon
		ADDED from src\main\AndroidManifest.xml:10:9-43
	android:theme
		ADDED from src\main\AndroidManifest.xml:13:9-40
activity#es.saladillo.alejandro.examenmultihilo_alejandro.MainActivity
ADDED from src\main\AndroidManifest.xml:14:9-20:20
	android:name
		ADDED from src\main\AndroidManifest.xml:14:19-47
intent-filter#android.intent.action.MAIN+android.intent.category.LAUNCHER
ADDED from src\main\AndroidManifest.xml:15:13-19:29
action#android.intent.action.MAIN
ADDED from src\main\AndroidManifest.xml:16:17-69
	android:name
		ADDED from src\main\AndroidManifest.xml:16:25-66
category#android.intent.category.LAUNCHER
ADDED from src\main\AndroidManifest.xml:18:17-77
	android:name
		ADDED from src\main\AndroidManifest.xml:18:27-74
service#es.saladillo.alejandro.examenmultihilo_alejandro.events.PeticionService
ADDED from src\main\AndroidManifest.xml:22:9-25:40
	android:enabled
		ADDED from src\main\AndroidManifest.xml:24:13-35
	android:exported
		ADDED from src\main\AndroidManifest.xml:25:13-37
	android:name
		ADDED from src\main\AndroidManifest.xml:23:13-51
uses-sdk
INJECTED from src\main\AndroidManifest.xml reason: use-sdk injection requested
MERGED from [com.android.support.constraint:constraint-layout:1.0.0] AndroidManifest.xml:5:5-7:41
MERGED from [com.jakewharton:butterknife:8.5.1] AndroidManifest.xml:5:5-43
MERGED from [com.readystatesoftware.chuck:library:1.0.2] AndroidManifest.xml:20:5-22:41
MERGED from [com.android.support:design:25.1.1] AndroidManifest.xml:21:5-23:62
MERGED from [com.android.support:appcompat-v7:25.2.0] AndroidManifest.xml:21:5-23:78
MERGED from [com.android.support:animated-vector-drawable:25.2.0] AndroidManifest.xml:20:5-44
MERGED from [com.android.support:support-vector-drawable:25.2.0] AndroidManifest.xml:21:5-43
MERGED from [com.android.support:recyclerview-v7:25.1.1] AndroidManifest.xml:20:5-43
MERGED from [com.android.support:transition:25.1.1] AndroidManifest.xml:20:5-44
MERGED from [com.android.support:support-v4:25.2.0] AndroidManifest.xml:21:5-23:54
MERGED from [com.android.support:support-fragment:25.2.0] AndroidManifest.xml:21:5-23:60
MERGED from [com.android.support:support-media-compat:25.2.0] AndroidManifest.xml:21:5-23:63
MERGED from [com.android.support:support-core-ui:25.2.0] AndroidManifest.xml:21:5-23:58
MERGED from [com.android.support:support-core-utils:25.2.0] AndroidManifest.xml:21:5-23:61
MERGED from [com.android.support:support-compat:25.2.0] AndroidManifest.xml:21:5-23:58
	tools:overrideLibrary
		ADDED from [com.android.support:design:25.1.1] AndroidManifest.xml:23:9-59
	android:targetSdkVersion
		INJECTED from src\main\AndroidManifest.xml
		INJECTED from src\main\AndroidManifest.xml
	android:minSdkVersion
		INJECTED from src\main\AndroidManifest.xml
		INJECTED from src\main\AndroidManifest.xml
provider#com.readystatesoftware.chuck.internal.data.ChuckContentProvider
ADDED from [com.readystatesoftware.chuck:library:1.0.2] AndroidManifest.xml:25:9-28:40
	android:authorities
		ADDED from [com.readystatesoftware.chuck:library:1.0.2] AndroidManifest.xml:27:13-66
	android:exported
		ADDED from [com.readystatesoftware.chuck:library:1.0.2] AndroidManifest.xml:28:13-37
	android:name
		ADDED from [com.readystatesoftware.chuck:library:1.0.2] AndroidManifest.xml:26:13-91
activity#com.readystatesoftware.chuck.internal.ui.MainActivity
ADDED from [com.readystatesoftware.chuck:library:1.0.2] AndroidManifest.xml:30:9-35:50
	android:label
		ADDED from [com.readystatesoftware.chuck:library:1.0.2] AndroidManifest.xml:32:13-47
	android:launchMode
		ADDED from [com.readystatesoftware.chuck:library:1.0.2] AndroidManifest.xml:33:13-44
	android:theme
		ADDED from [com.readystatesoftware.chuck:library:1.0.2] AndroidManifest.xml:35:13-47
	android:taskAffinity
		ADDED from [com.readystatesoftware.chuck:library:1.0.2] AndroidManifest.xml:34:13-69
	android:name
		ADDED from [com.readystatesoftware.chuck:library:1.0.2] AndroidManifest.xml:31:13-81
activity#com.readystatesoftware.chuck.internal.ui.TransactionActivity
ADDED from [com.readystatesoftware.chuck:library:1.0.2] AndroidManifest.xml:36:9-39:50
	android:parentActivityName
		ADDED from [com.readystatesoftware.chuck:library:1.0.2] AndroidManifest.xml:38:13-95
	android:theme
		ADDED from [com.readystatesoftware.chuck:library:1.0.2] AndroidManifest.xml:39:13-47
	android:name
		ADDED from [com.readystatesoftware.chuck:library:1.0.2] AndroidManifest.xml:37:13-88